<?xml version="1.0" encoding="UTF-8"?>
<coverage generated="1678534127299" clover="3.2.0">
  <project timestamp="1678534127299" name="All files">
    <metrics statements="144" coveredstatements="142" conditionals="14" coveredconditionals="11" methods="39" coveredmethods="39" elements="197" coveredelements="192" complexity="0" loc="144" ncloc="144" packages="1" files="5" classes="5"/>
    <file name="interface.js" path="/Users/robbiekirkbride/Desktop/Projects/tech-tests/till/src/interface.js">
      <metrics statements="90" coveredstatements="88" conditionals="8" coveredconditionals="5" methods="15" coveredmethods="15"/>
      <line num="1" count="1" type="stmt"/>
      <line num="5" count="6" type="stmt"/>
      <line num="6" count="6" type="stmt"/>
      <line num="7" count="6" type="stmt"/>
      <line num="8" count="6" type="stmt"/>
      <line num="9" count="6" type="stmt"/>
      <line num="10" count="6" type="stmt"/>
      <line num="14" count="6" type="stmt"/>
      <line num="15" count="6" type="stmt"/>
      <line num="16" count="6" type="stmt"/>
      <line num="17" count="6" type="stmt"/>
      <line num="21" count="6" type="stmt"/>
      <line num="22" count="3" type="cond" truecount="1" falsecount="1"/>
      <line num="23" count="3" type="stmt"/>
      <line num="29" count="6" type="stmt"/>
      <line num="30" count="6" type="stmt"/>
      <line num="31" count="11" type="stmt"/>
      <line num="32" count="11" type="cond" truecount="1" falsecount="1"/>
      <line num="33" count="0" type="stmt"/>
      <line num="35" count="11" type="stmt"/>
      <line num="36" count="11" type="stmt"/>
      <line num="37" count="11" type="stmt"/>
      <line num="38" count="11" type="stmt"/>
      <line num="43" count="1" type="stmt"/>
      <line num="44" count="1" type="stmt"/>
      <line num="45" count="1" type="stmt"/>
      <line num="46" count="1" type="stmt"/>
      <line num="47" count="1" type="stmt"/>
      <line num="48" count="1" type="stmt"/>
      <line num="52" count="11" type="stmt"/>
      <line num="53" count="11" type="stmt"/>
      <line num="54" count="11" type="stmt"/>
      <line num="55" count="11" type="stmt"/>
      <line num="56" count="11" type="stmt"/>
      <line num="60" count="6" type="stmt"/>
      <line num="61" count="1" type="stmt"/>
      <line num="62" count="1" type="stmt"/>
      <line num="63" count="1" type="stmt"/>
      <line num="64" count="1" type="cond" truecount="1" falsecount="1"/>
      <line num="65" count="0" type="stmt"/>
      <line num="67" count="1" type="stmt"/>
      <line num="72" count="6" type="stmt"/>
      <line num="73" count="6" type="stmt"/>
      <line num="74" count="90" type="stmt"/>
      <line num="75" count="90" type="stmt"/>
      <line num="76" count="90" type="stmt"/>
      <line num="77" count="90" type="stmt"/>
      <line num="78" count="90" type="stmt"/>
      <line num="79" count="90" type="stmt"/>
      <line num="84" count="11" type="stmt"/>
      <line num="85" count="11" type="stmt"/>
      <line num="86" count="11" type="stmt"/>
      <line num="87" count="11" type="stmt"/>
      <line num="88" count="18" type="stmt"/>
      <line num="89" count="18" type="stmt"/>
      <line num="90" count="18" type="stmt"/>
      <line num="95" count="11" type="stmt"/>
      <line num="96" count="11" type="stmt"/>
      <line num="100" count="11" type="stmt"/>
      <line num="104" count="11" type="stmt"/>
      <line num="105" count="11" type="stmt"/>
      <line num="108" count="11" type="stmt"/>
      <line num="112" count="11" type="cond" truecount="2" falsecount="0"/>
      <line num="113" count="4" type="stmt"/>
      <line num="114" count="4" type="stmt"/>
      <line num="115" count="4" type="stmt"/>
      <line num="116" count="4" type="stmt"/>
      <line num="117" count="4" type="stmt"/>
      <line num="118" count="1" type="stmt"/>
      <line num="119" count="1" type="stmt"/>
      <line num="125" count="1" type="stmt"/>
      <line num="126" count="1" type="stmt"/>
      <line num="127" count="1" type="stmt"/>
      <line num="128" count="1" type="stmt"/>
      <line num="129" count="1" type="stmt"/>
      <line num="133" count="1" type="stmt"/>
      <line num="134" count="6" type="stmt"/>
      <line num="135" count="6" type="stmt"/>
      <line num="136" count="6" type="stmt"/>
      <line num="141" count="1" type="stmt"/>
      <line num="142" count="1" type="stmt"/>
      <line num="143" count="1" type="stmt"/>
      <line num="144" count="1" type="stmt"/>
      <line num="148" count="1" type="stmt"/>
      <line num="149" count="1" type="stmt"/>
      <line num="150" count="1" type="stmt"/>
      <line num="151" count="1" type="stmt"/>
      <line num="155" count="12" type="stmt"/>
      <line num="157" count="56" type="stmt"/>
      <line num="161" count="1" type="stmt"/>
    </file>
    <file name="inventory.js" path="/Users/robbiekirkbride/Desktop/Projects/tech-tests/till/src/inventory.js">
      <metrics statements="2" coveredstatements="2" conditionals="0" coveredconditionals="0" methods="0" coveredmethods="0"/>
      <line num="1" count="3" type="stmt"/>
      <line num="26" count="3" type="stmt"/>
    </file>
    <file name="item.js" path="/Users/robbiekirkbride/Desktop/Projects/tech-tests/till/src/item.js">
      <metrics statements="7" coveredstatements="7" conditionals="2" coveredconditionals="2" methods="3" coveredmethods="3"/>
      <line num="1" count="3" type="stmt"/>
      <line num="5" count="31" type="cond" truecount="2" falsecount="0"/>
      <line num="6" count="1" type="stmt"/>
      <line num="8" count="30" type="stmt"/>
      <line num="12" count="48" type="stmt"/>
      <line num="16" count="27" type="stmt"/>
      <line num="20" count="3" type="stmt"/>
    </file>
    <file name="order.js" path="/Users/robbiekirkbride/Desktop/Projects/tech-tests/till/src/order.js">
      <metrics statements="23" coveredstatements="23" conditionals="4" coveredconditionals="4" methods="11" coveredmethods="11"/>
      <line num="3" count="24" type="stmt"/>
      <line num="4" count="24" type="stmt"/>
      <line num="5" count="24" type="stmt"/>
      <line num="9" count="5" type="stmt"/>
      <line num="13" count="12" type="stmt"/>
      <line num="17" count="12" type="stmt"/>
      <line num="21" count="45" type="stmt"/>
      <line num="22" count="45" type="stmt"/>
      <line num="23" count="28" type="cond" truecount="2" falsecount="0"/>
      <line num="24" count="8" type="stmt"/>
      <line num="25" count="8" type="stmt"/>
      <line num="28" count="45" type="cond" truecount="2" falsecount="0"/>
      <line num="29" count="37" type="stmt"/>
      <line num="34" count="23" type="stmt"/>
      <line num="38" count="1" type="stmt"/>
      <line num="42" count="74" type="stmt"/>
      <line num="43" count="74" type="stmt"/>
      <line num="44" count="145" type="stmt"/>
      <line num="46" count="74" type="stmt"/>
      <line num="50" count="47" type="stmt"/>
      <line num="51" count="47" type="stmt"/>
      <line num="52" count="47" type="stmt"/>
      <line num="56" count="3" type="stmt"/>
    </file>
    <file name="receipt.js" path="/Users/robbiekirkbride/Desktop/Projects/tech-tests/till/src/receipt.js">
      <metrics statements="22" coveredstatements="22" conditionals="0" coveredconditionals="0" methods="10" coveredmethods="10"/>
      <line num="3" count="18" type="stmt"/>
      <line num="4" count="18" type="stmt"/>
      <line num="8" count="24" type="stmt"/>
      <line num="9" count="24" type="stmt"/>
      <line num="13" count="12" type="stmt"/>
      <line num="17" count="12" type="stmt"/>
      <line num="21" count="32" type="stmt"/>
      <line num="22" count="66" type="stmt"/>
      <line num="23" count="66" type="stmt"/>
      <line num="24" count="66" type="stmt"/>
      <line num="31" count="21" type="stmt"/>
      <line num="35" count="21" type="stmt"/>
      <line num="36" count="21" type="stmt"/>
      <line num="37" count="21" type="stmt"/>
      <line num="41" count="21" type="stmt"/>
      <line num="42" count="21" type="stmt"/>
      <line num="43" count="21" type="stmt"/>
      <line num="44" count="21" type="stmt"/>
      <line num="45" count="21" type="stmt"/>
      <line num="49" count="20" type="stmt"/>
      <line num="50" count="20" type="stmt"/>
      <line num="54" count="3" type="stmt"/>
    </file>
  </project>
</coverage>
