{"/Users/robbiekirkbride/Desktop/Projects/tech-tests/till/src/interface.js": {"path":"/Users/robbiekirkbride/Desktop/Projects/tech-tests/till/src/interface.js","statementMap":{"0":{"start":{"line":1,"column":13},"end":{"line":1,"column":30}},"1":{"start":{"line":5,"column":4},"end":{"line":5,"column":23}},"2":{"start":{"line":6,"column":4},"end":{"line":6,"column":27}},"3":{"start":{"line":7,"column":4},"end":{"line":7,"column":36}},"4":{"start":{"line":8,"column":4},"end":{"line":8,"column":59}},"5":{"start":{"line":9,"column":4},"end":{"line":9,"column":53}},"6":{"start":{"line":10,"column":4},"end":{"line":10,"column":19}},"7":{"start":{"line":14,"column":4},"end":{"line":14,"column":24}},"8":{"start":{"line":15,"column":4},"end":{"line":15,"column":21}},"9":{"start":{"line":16,"column":4},"end":{"line":16,"column":22}},"10":{"start":{"line":17,"column":4},"end":{"line":17,"column":22}},"11":{"start":{"line":21,"column":4},"end":{"line":25,"column":7}},"12":{"start":{"line":22,"column":6},"end":{"line":24,"column":7}},"13":{"start":{"line":23,"column":8},"end":{"line":23,"column":72}},"14":{"start":{"line":29,"column":20},"end":{"line":29,"column":54}},"15":{"start":{"line":30,"column":4},"end":{"line":39,"column":7}},"16":{"start":{"line":31,"column":23},"end":{"line":31,"column":57}},"17":{"start":{"line":32,"column":6},"end":{"line":34,"column":7}},"18":{"start":{"line":33,"column":8},"end":{"line":33,"column":15}},"19":{"start":{"line":35,"column":17},"end":{"line":35,"column":27}},"20":{"start":{"line":36,"column":6},"end":{"line":36,"column":41}},"21":{"start":{"line":37,"column":6},"end":{"line":37,"column":31}},"22":{"start":{"line":38,"column":6},"end":{"line":38,"column":26}},"23":{"start":{"line":43,"column":4},"end":{"line":43,"column":38}},"24":{"start":{"line":44,"column":4},"end":{"line":44,"column":34}},"25":{"start":{"line":45,"column":4},"end":{"line":45,"column":30}},"26":{"start":{"line":46,"column":4},"end":{"line":46,"column":30}},"27":{"start":{"line":47,"column":4},"end":{"line":47,"column":31}},"28":{"start":{"line":48,"column":4},"end":{"line":48,"column":32}},"29":{"start":{"line":52,"column":4},"end":{"line":52,"column":23}},"30":{"start":{"line":53,"column":4},"end":{"line":53,"column":25}},"31":{"start":{"line":54,"column":4},"end":{"line":54,"column":23}},"32":{"start":{"line":55,"column":4},"end":{"line":55,"column":25}},"33":{"start":{"line":56,"column":4},"end":{"line":56,"column":31}},"34":{"start":{"line":60,"column":4},"end":{"line":68,"column":7}},"35":{"start":{"line":61,"column":6},"end":{"line":61,"column":30}},"36":{"start":{"line":62,"column":6},"end":{"line":62,"column":25}},"37":{"start":{"line":63,"column":6},"end":{"line":63,"column":54}},"38":{"start":{"line":64,"column":6},"end":{"line":66,"column":7}},"39":{"start":{"line":65,"column":8},"end":{"line":65,"column":56}},"40":{"start":{"line":67,"column":6},"end":{"line":67,"column":31}},"41":{"start":{"line":72,"column":17},"end":{"line":72,"column":18}},"42":{"start":{"line":73,"column":4},"end":{"line":80,"column":7}},"43":{"start":{"line":74,"column":16},"end":{"line":74,"column":48}},"44":{"start":{"line":75,"column":18},"end":{"line":75,"column":35}},"45":{"start":{"line":76,"column":18},"end":{"line":76,"column":35}},"46":{"start":{"line":77,"column":6},"end":{"line":77,"column":62}},"47":{"start":{"line":78,"column":6},"end":{"line":78,"column":44}},"48":{"start":{"line":79,"column":6},"end":{"line":79,"column":15}},"49":{"start":{"line":84,"column":4},"end":{"line":84,"column":32}},"50":{"start":{"line":85,"column":4},"end":{"line":85,"column":38}},"51":{"start":{"line":86,"column":4},"end":{"line":86,"column":31}},"52":{"start":{"line":87,"column":4},"end":{"line":91,"column":7}},"53":{"start":{"line":88,"column":22},"end":{"line":88,"column":51}},"54":{"start":{"line":89,"column":6},"end":{"line":89,"column":60}},"55":{"start":{"line":90,"column":6},"end":{"line":90,"column":42}},"56":{"start":{"line":95,"column":18},"end":{"line":95,"column":47}},"57":{"start":{"line":96,"column":4},"end":{"line":99,"column":6}},"58":{"start":{"line":100,"column":4},"end":{"line":100,"column":38}},"59":{"start":{"line":104,"column":20},"end":{"line":104,"column":49}},"60":{"start":{"line":105,"column":4},"end":{"line":107,"column":7}},"61":{"start":{"line":108,"column":4},"end":{"line":108,"column":40}},"62":{"start":{"line":112,"column":4},"end":{"line":121,"column":5}},"63":{"start":{"line":113,"column":6},"end":{"line":113,"column":55}},"64":{"start":{"line":114,"column":6},"end":{"line":114,"column":104}},"65":{"start":{"line":115,"column":23},"end":{"line":115,"column":59}},"66":{"start":{"line":116,"column":6},"end":{"line":116,"column":40}},"67":{"start":{"line":117,"column":6},"end":{"line":120,"column":9}},"68":{"start":{"line":118,"column":8},"end":{"line":118,"column":36}},"69":{"start":{"line":119,"column":8},"end":{"line":119,"column":30}},"70":{"start":{"line":125,"column":4},"end":{"line":125,"column":52}},"71":{"start":{"line":126,"column":4},"end":{"line":126,"column":39}},"72":{"start":{"line":127,"column":4},"end":{"line":127,"column":49}},"73":{"start":{"line":128,"column":26},"end":{"line":128,"column":66}},"74":{"start":{"line":129,"column":4},"end":{"line":129,"column":42}},"75":{"start":{"line":133,"column":4},"end":{"line":137,"column":7}},"76":{"start":{"line":134,"column":24},"end":{"line":134,"column":53}},"77":{"start":{"line":135,"column":6},"end":{"line":135,"column":62}},"78":{"start":{"line":136,"column":6},"end":{"line":136,"column":40}},"79":{"start":{"line":141,"column":17},"end":{"line":141,"column":46}},"80":{"start":{"line":142,"column":4},"end":{"line":142,"column":35}},"81":{"start":{"line":143,"column":4},"end":{"line":143,"column":21}},"82":{"start":{"line":144,"column":4},"end":{"line":144,"column":61}},"83":{"start":{"line":148,"column":19},"end":{"line":148,"column":48}},"84":{"start":{"line":149,"column":4},"end":{"line":149,"column":39}},"85":{"start":{"line":150,"column":4},"end":{"line":150,"column":25}},"86":{"start":{"line":151,"column":4},"end":{"line":151,"column":63}},"87":{"start":{"line":155,"column":4},"end":{"line":157,"column":40}},"88":{"start":{"line":157,"column":25},"end":{"line":157,"column":38}},"89":{"start":{"line":161,"column":0},"end":{"line":161,"column":27}}},"fnMap":{"0":{"name":"(anonymous_0)","decl":{"start":{"line":4,"column":2},"end":{"line":4,"column":3}},"loc":{"start":{"line":4,"column":41},"end":{"line":11,"column":3}},"line":4},"1":{"name":"(anonymous_1)","decl":{"start":{"line":13,"column":2},"end":{"line":13,"column":3}},"loc":{"start":{"line":13,"column":12},"end":{"line":18,"column":3}},"line":13},"2":{"name":"(anonymous_2)","decl":{"start":{"line":20,"column":2},"end":{"line":20,"column":3}},"loc":{"start":{"line":20,"column":14},"end":{"line":26,"column":3}},"line":20},"3":{"name":"(anonymous_3)","decl":{"start":{"line":21,"column":69},"end":{"line":21,"column":70}},"loc":{"start":{"line":21,"column":75},"end":{"line":25,"column":5}},"line":21},"4":{"name":"(anonymous_4)","decl":{"start":{"line":28,"column":2},"end":{"line":28,"column":3}},"loc":{"start":{"line":28,"column":15},"end":{"line":40,"column":3}},"line":28},"5":{"name":"(anonymous_5)","decl":{"start":{"line":30,"column":38},"end":{"line":30,"column":39}},"loc":{"start":{"line":30,"column":49},"end":{"line":39,"column":5}},"line":30},"6":{"name":"(anonymous_6)","decl":{"start":{"line":42,"column":2},"end":{"line":42,"column":3}},"loc":{"start":{"line":42,"column":19},"end":{"line":49,"column":3}},"line":42},"7":{"name":"(anonymous_7)","decl":{"start":{"line":51,"column":2},"end":{"line":51,"column":3}},"loc":{"start":{"line":51,"column":17},"end":{"line":57,"column":3}},"line":51},"8":{"name":"(anonymous_8)","decl":{"start":{"line":59,"column":2},"end":{"line":59,"column":3}},"loc":{"start":{"line":59,"column":15},"end":{"line":69,"column":3}},"line":59},"9":{"name":"(anonymous_9)","decl":{"start":{"line":60,"column":70},"end":{"line":60,"column":71}},"loc":{"start":{"line":60,"column":76},"end":{"line":68,"column":5}},"line":60},"10":{"name":"(anonymous_10)","decl":{"start":{"line":73,"column":35},"end":{"line":73,"column":36}},"loc":{"start":{"line":73,"column":44},"end":{"line":80,"column":5}},"line":73},"11":{"name":"(anonymous_11)","decl":{"start":{"line":87,"column":38},"end":{"line":87,"column":39}},"loc":{"start":{"line":87,"column":48},"end":{"line":91,"column":5}},"line":87},"12":{"name":"(anonymous_12)","decl":{"start":{"line":117,"column":71},"end":{"line":117,"column":72}},"loc":{"start":{"line":117,"column":77},"end":{"line":120,"column":7}},"line":117},"13":{"name":"(anonymous_13)","decl":{"start":{"line":133,"column":38},"end":{"line":133,"column":39}},"loc":{"start":{"line":133,"column":48},"end":{"line":137,"column":5}},"line":133},"14":{"name":"(anonymous_14)","decl":{"start":{"line":157,"column":15},"end":{"line":157,"column":16}},"loc":{"start":{"line":157,"column":25},"end":{"line":157,"column":38}},"line":157}},"branchMap":{"0":{"loc":{"start":{"line":22,"column":6},"end":{"line":24,"column":7}},"type":"if","locations":[{"start":{"line":22,"column":6},"end":{"line":24,"column":7}},{"start":{},"end":{}}],"line":22},"1":{"loc":{"start":{"line":32,"column":6},"end":{"line":34,"column":7}},"type":"if","locations":[{"start":{"line":32,"column":6},"end":{"line":34,"column":7}},{"start":{},"end":{}}],"line":32},"2":{"loc":{"start":{"line":64,"column":6},"end":{"line":66,"column":7}},"type":"if","locations":[{"start":{"line":64,"column":6},"end":{"line":66,"column":7}},{"start":{},"end":{}}],"line":64},"3":{"loc":{"start":{"line":112,"column":4},"end":{"line":121,"column":5}},"type":"if","locations":[{"start":{"line":112,"column":4},"end":{"line":121,"column":5}},{"start":{},"end":{}}],"line":112}},"s":{"0":1,"1":6,"2":6,"3":6,"4":6,"5":6,"6":6,"7":6,"8":6,"9":6,"10":6,"11":6,"12":3,"13":3,"14":6,"15":6,"16":11,"17":11,"18":0,"19":11,"20":11,"21":11,"22":11,"23":1,"24":1,"25":1,"26":1,"27":1,"28":1,"29":11,"30":11,"31":11,"32":11,"33":11,"34":6,"35":1,"36":1,"37":1,"38":1,"39":0,"40":1,"41":6,"42":6,"43":90,"44":90,"45":90,"46":90,"47":90,"48":90,"49":11,"50":11,"51":11,"52":11,"53":18,"54":18,"55":18,"56":11,"57":11,"58":11,"59":11,"60":11,"61":11,"62":11,"63":4,"64":4,"65":4,"66":4,"67":4,"68":1,"69":1,"70":1,"71":1,"72":1,"73":1,"74":1,"75":1,"76":6,"77":6,"78":6,"79":1,"80":1,"81":1,"82":1,"83":1,"84":1,"85":1,"86":1,"87":12,"88":56,"89":1},"f":{"0":6,"1":6,"2":6,"3":3,"4":6,"5":11,"6":1,"7":11,"8":6,"9":1,"10":90,"11":18,"12":1,"13":6,"14":56},"b":{"0":[3,0],"1":[0,11],"2":[0,1],"3":[4,7]},"_coverageSchema":"1a1c01bbd47fc00a2c39e90264f33305004495a9","hash":"6782e5253b2813694cb9414679e67c3c55c4b4e1"}
,"/Users/robbiekirkbride/Desktop/Projects/tech-tests/till/src/inventory.js": {"path":"/Users/robbiekirkbride/Desktop/Projects/tech-tests/till/src/inventory.js","statementMap":{"0":{"start":{"line":1,"column":18},"end":{"line":24,"column":1}},"1":{"start":{"line":26,"column":0},"end":{"line":26,"column":27}}},"fnMap":{},"branchMap":{},"s":{"0":3,"1":3},"f":{},"b":{},"_coverageSchema":"1a1c01bbd47fc00a2c39e90264f33305004495a9","hash":"ab73c2b63fc646683bab445c75d9f771c21edba7"}
,"/Users/robbiekirkbride/Desktop/Projects/tech-tests/till/src/item.js": {"path":"/Users/robbiekirkbride/Desktop/Projects/tech-tests/till/src/item.js","statementMap":{"0":{"start":{"line":1,"column":18},"end":{"line":1,"column":43}},"1":{"start":{"line":5,"column":4},"end":{"line":7,"column":5}},"2":{"start":{"line":6,"column":6},"end":{"line":6,"column":51}},"3":{"start":{"line":8,"column":4},"end":{"line":8,"column":21}},"4":{"start":{"line":12,"column":4},"end":{"line":12,"column":21}},"5":{"start":{"line":16,"column":4},"end":{"line":16,"column":42}},"6":{"start":{"line":20,"column":0},"end":{"line":20,"column":22}}},"fnMap":{"0":{"name":"(anonymous_0)","decl":{"start":{"line":4,"column":2},"end":{"line":4,"column":3}},"loc":{"start":{"line":4,"column":16},"end":{"line":9,"column":3}},"line":4},"1":{"name":"(anonymous_1)","decl":{"start":{"line":11,"column":2},"end":{"line":11,"column":3}},"loc":{"start":{"line":11,"column":12},"end":{"line":13,"column":3}},"line":11},"2":{"name":"(anonymous_2)","decl":{"start":{"line":15,"column":2},"end":{"line":15,"column":3}},"loc":{"start":{"line":15,"column":13},"end":{"line":17,"column":3}},"line":15}},"branchMap":{"0":{"loc":{"start":{"line":5,"column":4},"end":{"line":7,"column":5}},"type":"if","locations":[{"start":{"line":5,"column":4},"end":{"line":7,"column":5}},{"start":{},"end":{}}],"line":5}},"s":{"0":3,"1":31,"2":1,"3":30,"4":48,"5":27,"6":3},"f":{"0":31,"1":48,"2":27},"b":{"0":[1,30]},"_coverageSchema":"1a1c01bbd47fc00a2c39e90264f33305004495a9","hash":"41bacc9ef615d6438c3fc790a4cc90593e0214e9"}
,"/Users/robbiekirkbride/Desktop/Projects/tech-tests/till/src/order.js": {"path":"/Users/robbiekirkbride/Desktop/Projects/tech-tests/till/src/order.js","statementMap":{"0":{"start":{"line":3,"column":4},"end":{"line":3,"column":20}},"1":{"start":{"line":4,"column":4},"end":{"line":4,"column":27}},"2":{"start":{"line":5,"column":4},"end":{"line":5,"column":18}},"3":{"start":{"line":9,"column":4},"end":{"line":9,"column":21}},"4":{"start":{"line":13,"column":4},"end":{"line":13,"column":32}},"5":{"start":{"line":17,"column":4},"end":{"line":17,"column":38}},"6":{"start":{"line":21,"column":22},"end":{"line":21,"column":27}},"7":{"start":{"line":22,"column":4},"end":{"line":27,"column":7}},"8":{"start":{"line":23,"column":6},"end":{"line":26,"column":7}},"9":{"start":{"line":24,"column":8},"end":{"line":24,"column":18}},"10":{"start":{"line":25,"column":8},"end":{"line":25,"column":27}},"11":{"start":{"line":28,"column":4},"end":{"line":30,"column":5}},"12":{"start":{"line":29,"column":6},"end":{"line":29,"column":66}},"13":{"start":{"line":34,"column":4},"end":{"line":34,"column":22}},"14":{"start":{"line":38,"column":4},"end":{"line":38,"column":29}},"15":{"start":{"line":42,"column":20},"end":{"line":42,"column":21}},"16":{"start":{"line":43,"column":4},"end":{"line":45,"column":7}},"17":{"start":{"line":44,"column":6},"end":{"line":44,"column":37}},"18":{"start":{"line":46,"column":4},"end":{"line":46,"column":64}},"19":{"start":{"line":50,"column":14},"end":{"line":50,"column":20}},"20":{"start":{"line":51,"column":19},"end":{"line":51,"column":41}},"21":{"start":{"line":52,"column":4},"end":{"line":52,"column":63}},"22":{"start":{"line":56,"column":0},"end":{"line":56,"column":23}}},"fnMap":{"0":{"name":"(anonymous_0)","decl":{"start":{"line":2,"column":2},"end":{"line":2,"column":3}},"loc":{"start":{"line":2,"column":16},"end":{"line":6,"column":3}},"line":2},"1":{"name":"(anonymous_1)","decl":{"start":{"line":8,"column":2},"end":{"line":8,"column":3}},"loc":{"start":{"line":8,"column":16},"end":{"line":10,"column":3}},"line":8},"2":{"name":"(anonymous_2)","decl":{"start":{"line":12,"column":2},"end":{"line":12,"column":3}},"loc":{"start":{"line":12,"column":12},"end":{"line":14,"column":3}},"line":12},"3":{"name":"(anonymous_3)","decl":{"start":{"line":16,"column":2},"end":{"line":16,"column":3}},"loc":{"start":{"line":16,"column":12},"end":{"line":18,"column":3}},"line":16},"4":{"name":"(anonymous_4)","decl":{"start":{"line":20,"column":2},"end":{"line":20,"column":3}},"loc":{"start":{"line":20,"column":19},"end":{"line":31,"column":3}},"line":20},"5":{"name":"(anonymous_5)","decl":{"start":{"line":22,"column":23},"end":{"line":22,"column":24}},"loc":{"start":{"line":22,"column":33},"end":{"line":27,"column":5}},"line":22},"6":{"name":"(anonymous_6)","decl":{"start":{"line":33,"column":2},"end":{"line":33,"column":3}},"loc":{"start":{"line":33,"column":14},"end":{"line":35,"column":3}},"line":33},"7":{"name":"(anonymous_7)","decl":{"start":{"line":37,"column":2},"end":{"line":37,"column":3}},"loc":{"start":{"line":37,"column":15},"end":{"line":39,"column":3}},"line":37},"8":{"name":"(anonymous_8)","decl":{"start":{"line":41,"column":2},"end":{"line":41,"column":3}},"loc":{"start":{"line":41,"column":14},"end":{"line":47,"column":3}},"line":41},"9":{"name":"(anonymous_9)","decl":{"start":{"line":43,"column":23},"end":{"line":43,"column":24}},"loc":{"start":{"line":43,"column":33},"end":{"line":45,"column":5}},"line":43},"10":{"name":"(anonymous_10)","decl":{"start":{"line":49,"column":2},"end":{"line":49,"column":3}},"loc":{"start":{"line":49,"column":13},"end":{"line":53,"column":3}},"line":49}},"branchMap":{"0":{"loc":{"start":{"line":23,"column":6},"end":{"line":26,"column":7}},"type":"if","locations":[{"start":{"line":23,"column":6},"end":{"line":26,"column":7}},{"start":{},"end":{}}],"line":23},"1":{"loc":{"start":{"line":28,"column":4},"end":{"line":30,"column":5}},"type":"if","locations":[{"start":{"line":28,"column":4},"end":{"line":30,"column":5}},{"start":{},"end":{}}],"line":28}},"s":{"0":24,"1":24,"2":24,"3":5,"4":12,"5":12,"6":45,"7":45,"8":28,"9":8,"10":8,"11":45,"12":37,"13":23,"14":1,"15":74,"16":74,"17":145,"18":74,"19":47,"20":47,"21":47,"22":3},"f":{"0":24,"1":5,"2":12,"3":12,"4":45,"5":28,"6":23,"7":1,"8":74,"9":145,"10":47},"b":{"0":[8,20],"1":[37,8]},"_coverageSchema":"1a1c01bbd47fc00a2c39e90264f33305004495a9","hash":"2ce102662afbf388009cf4530917ed04ff1383d7"}
,"/Users/robbiekirkbride/Desktop/Projects/tech-tests/till/src/receipt.js": {"path":"/Users/robbiekirkbride/Desktop/Projects/tech-tests/till/src/receipt.js","statementMap":{"0":{"start":{"line":3,"column":4},"end":{"line":3,"column":20}},"1":{"start":{"line":4,"column":4},"end":{"line":4,"column":22}},"2":{"start":{"line":8,"column":4},"end":{"line":8,"column":23}},"3":{"start":{"line":9,"column":4},"end":{"line":9,"column":35}},"4":{"start":{"line":13,"column":4},"end":{"line":13,"column":24}},"5":{"start":{"line":17,"column":4},"end":{"line":17,"column":31}},"6":{"start":{"line":21,"column":4},"end":{"line":27,"column":7}},"7":{"start":{"line":22,"column":19},"end":{"line":22,"column":38}},"8":{"start":{"line":23,"column":18},"end":{"line":23,"column":36}},"9":{"start":{"line":24,"column":6},"end":{"line":26,"column":8}},"10":{"start":{"line":31,"column":4},"end":{"line":31,"column":73}},"11":{"start":{"line":35,"column":16},"end":{"line":35,"column":62}},"12":{"start":{"line":36,"column":4},"end":{"line":36,"column":29}},"13":{"start":{"line":37,"column":4},"end":{"line":37,"column":57}},"14":{"start":{"line":41,"column":4},"end":{"line":41,"column":23}},"15":{"start":{"line":42,"column":4},"end":{"line":42,"column":21}},"16":{"start":{"line":43,"column":4},"end":{"line":43,"column":23}},"17":{"start":{"line":44,"column":4},"end":{"line":44,"column":54}},"18":{"start":{"line":45,"column":4},"end":{"line":45,"column":54}},"19":{"start":{"line":49,"column":4},"end":{"line":49,"column":26}},"20":{"start":{"line":50,"column":4},"end":{"line":50,"column":33}},"21":{"start":{"line":54,"column":0},"end":{"line":54,"column":25}}},"fnMap":{"0":{"name":"(anonymous_0)","decl":{"start":{"line":2,"column":2},"end":{"line":2,"column":3}},"loc":{"start":{"line":2,"column":16},"end":{"line":5,"column":3}},"line":2},"1":{"name":"(anonymous_1)","decl":{"start":{"line":7,"column":2},"end":{"line":7,"column":3}},"loc":{"start":{"line":7,"column":18},"end":{"line":10,"column":3}},"line":7},"2":{"name":"(anonymous_2)","decl":{"start":{"line":12,"column":2},"end":{"line":12,"column":3}},"loc":{"start":{"line":12,"column":15},"end":{"line":14,"column":3}},"line":12},"3":{"name":"(anonymous_3)","decl":{"start":{"line":16,"column":2},"end":{"line":16,"column":3}},"loc":{"start":{"line":16,"column":17},"end":{"line":18,"column":3}},"line":16},"4":{"name":"(anonymous_4)","decl":{"start":{"line":20,"column":2},"end":{"line":20,"column":3}},"loc":{"start":{"line":20,"column":16},"end":{"line":28,"column":3}},"line":20},"5":{"name":"(anonymous_5)","decl":{"start":{"line":21,"column":23},"end":{"line":21,"column":24}},"loc":{"start":{"line":21,"column":33},"end":{"line":27,"column":5}},"line":21},"6":{"name":"(anonymous_6)","decl":{"start":{"line":30,"column":2},"end":{"line":30,"column":3}},"loc":{"start":{"line":30,"column":14},"end":{"line":32,"column":3}},"line":30},"7":{"name":"(anonymous_7)","decl":{"start":{"line":34,"column":2},"end":{"line":34,"column":3}},"loc":{"start":{"line":34,"column":16},"end":{"line":38,"column":3}},"line":34},"8":{"name":"(anonymous_8)","decl":{"start":{"line":40,"column":2},"end":{"line":40,"column":3}},"loc":{"start":{"line":40,"column":19},"end":{"line":46,"column":3}},"line":40},"9":{"name":"(anonymous_9)","decl":{"start":{"line":48,"column":2},"end":{"line":48,"column":3}},"loc":{"start":{"line":48,"column":17},"end":{"line":51,"column":3}},"line":48}},"branchMap":{},"s":{"0":18,"1":18,"2":24,"3":24,"4":12,"5":12,"6":32,"7":66,"8":66,"9":66,"10":21,"11":21,"12":21,"13":21,"14":21,"15":21,"16":21,"17":21,"18":21,"19":20,"20":20,"21":3},"f":{"0":18,"1":24,"2":12,"3":12,"4":32,"5":66,"6":21,"7":21,"8":21,"9":20},"b":{},"_coverageSchema":"1a1c01bbd47fc00a2c39e90264f33305004495a9","hash":"643d5b9ed06d560b25a7abb37793a38329b84d92"}
}
