TN:
SF:src/interface.js
FN:4,(anonymous_0)
FN:13,(anonymous_1)
FN:20,(anonymous_2)
FN:21,(anonymous_3)
FN:28,(anonymous_4)
FN:30,(anonymous_5)
FN:42,(anonymous_6)
FN:51,(anonymous_7)
FN:59,(anonymous_8)
FN:60,(anonymous_9)
FN:73,(anonymous_10)
FN:87,(anonymous_11)
FN:117,(anonymous_12)
FN:133,(anonymous_13)
FN:157,(anonymous_14)
FNF:15
FNH:15
FNDA:6,(anonymous_0)
FNDA:6,(anonymous_1)
FNDA:6,(anonymous_2)
FNDA:3,(anonymous_3)
FNDA:6,(anonymous_4)
FNDA:11,(anonymous_5)
FNDA:1,(anonymous_6)
FNDA:11,(anonymous_7)
FNDA:6,(anonymous_8)
FNDA:1,(anonymous_9)
FNDA:90,(anonymous_10)
FNDA:18,(anonymous_11)
FNDA:1,(anonymous_12)
FNDA:6,(anonymous_13)
FNDA:56,(anonymous_14)
DA:1,1
DA:5,6
DA:6,6
DA:7,6
DA:8,6
DA:9,6
DA:10,6
DA:14,6
DA:15,6
DA:16,6
DA:17,6
DA:21,6
DA:22,3
DA:23,3
DA:29,6
DA:30,6
DA:31,11
DA:32,11
DA:33,0
DA:35,11
DA:36,11
DA:37,11
DA:38,11
DA:43,1
DA:44,1
DA:45,1
DA:46,1
DA:47,1
DA:48,1
DA:52,11
DA:53,11
DA:54,11
DA:55,11
DA:56,11
DA:60,6
DA:61,1
DA:62,1
DA:63,1
DA:64,1
DA:65,0
DA:67,1
DA:72,6
DA:73,6
DA:74,90
DA:75,90
DA:76,90
DA:77,90
DA:78,90
DA:79,90
DA:84,11
DA:85,11
DA:86,11
DA:87,11
DA:88,18
DA:89,18
DA:90,18
DA:95,11
DA:96,11
DA:100,11
DA:104,11
DA:105,11
DA:108,11
DA:112,11
DA:113,4
DA:114,4
DA:115,4
DA:116,4
DA:117,4
DA:118,1
DA:119,1
DA:125,1
DA:126,1
DA:127,1
DA:128,1
DA:129,1
DA:133,1
DA:134,6
DA:135,6
DA:136,6
DA:141,1
DA:142,1
DA:143,1
DA:144,1
DA:148,1
DA:149,1
DA:150,1
DA:151,1
DA:155,12
DA:157,56
DA:161,1
LF:90
LH:88
BRDA:22,0,0,3
BRDA:22,0,1,0
BRDA:32,1,0,0
BRDA:32,1,1,11
BRDA:64,2,0,0
BRDA:64,2,1,1
BRDA:112,3,0,4
BRDA:112,3,1,7
BRF:8
BRH:5
end_of_record
TN:
SF:src/inventory.js
FNF:0
FNH:0
DA:1,3
DA:26,3
LF:2
LH:2
BRF:0
BRH:0
end_of_record
TN:
SF:src/item.js
FN:4,(anonymous_0)
FN:11,(anonymous_1)
FN:15,(anonymous_2)
FNF:3
FNH:3
FNDA:31,(anonymous_0)
FNDA:48,(anonymous_1)
FNDA:27,(anonymous_2)
DA:1,3
DA:5,31
DA:6,1
DA:8,30
DA:12,48
DA:16,27
DA:20,3
LF:7
LH:7
BRDA:5,0,0,1
BRDA:5,0,1,30
BRF:2
BRH:2
end_of_record
TN:
SF:src/order.js
FN:2,(anonymous_0)
FN:8,(anonymous_1)
FN:12,(anonymous_2)
FN:16,(anonymous_3)
FN:20,(anonymous_4)
FN:22,(anonymous_5)
FN:33,(anonymous_6)
FN:37,(anonymous_7)
FN:41,(anonymous_8)
FN:43,(anonymous_9)
FN:49,(anonymous_10)
FNF:11
FNH:11
FNDA:24,(anonymous_0)
FNDA:5,(anonymous_1)
FNDA:12,(anonymous_2)
FNDA:12,(anonymous_3)
FNDA:45,(anonymous_4)
FNDA:28,(anonymous_5)
FNDA:23,(anonymous_6)
FNDA:1,(anonymous_7)
FNDA:74,(anonymous_8)
FNDA:145,(anonymous_9)
FNDA:47,(anonymous_10)
DA:3,24
DA:4,24
DA:5,24
DA:9,5
DA:13,12
DA:17,12
DA:21,45
DA:22,45
DA:23,28
DA:24,8
DA:25,8
DA:28,45
DA:29,37
DA:34,23
DA:38,1
DA:42,74
DA:43,74
DA:44,145
DA:46,74
DA:50,47
DA:51,47
DA:52,47
DA:56,3
LF:23
LH:23
BRDA:23,0,0,8
BRDA:23,0,1,20
BRDA:28,1,0,37
BRDA:28,1,1,8
BRF:4
BRH:4
end_of_record
TN:
SF:src/receipt.js
FN:2,(anonymous_0)
FN:7,(anonymous_1)
FN:12,(anonymous_2)
FN:16,(anonymous_3)
FN:20,(anonymous_4)
FN:21,(anonymous_5)
FN:30,(anonymous_6)
FN:34,(anonymous_7)
FN:40,(anonymous_8)
FN:48,(anonymous_9)
FNF:10
FNH:10
FNDA:18,(anonymous_0)
FNDA:24,(anonymous_1)
FNDA:12,(anonymous_2)
FNDA:12,(anonymous_3)
FNDA:32,(anonymous_4)
FNDA:66,(anonymous_5)
FNDA:21,(anonymous_6)
FNDA:21,(anonymous_7)
FNDA:21,(anonymous_8)
FNDA:20,(anonymous_9)
DA:3,18
DA:4,18
DA:8,24
DA:9,24
DA:13,12
DA:17,12
DA:21,32
DA:22,66
DA:23,66
DA:24,66
DA:31,21
DA:35,21
DA:36,21
DA:37,21
DA:41,21
DA:42,21
DA:43,21
DA:44,21
DA:45,21
DA:49,20
DA:50,20
DA:54,3
LF:22
LH:22
BRF:0
BRH:0
end_of_record
