{
  "RSpec": {
    "coverage": {
      "/Users/robbiekirkbride/Desktop/Projects/tech-tests/bank/spec/account_spec.rb": {
        "lines": [
          1,
          null,
          1,
          1,
          1,
          1,
          1,
          1,
          null,
          null,
          null,
          1,
          1,
          1,
          1,
          1,
          1,
          null,
          null,
          1,
          1,
          1,
          1,
          1,
          1,
          1,
          null,
          null,
          null,
          1,
          1,
          1,
          1,
          1,
          1,
          1,
          1,
          1,
          1,
          null,
          null,
          1,
          1,
          1,
          1,
          1,
          1,
          1,
          1,
          1,
          1,
          1,
          null,
          null,
          1,
          1,
          1,
          1,
          1,
          1,
          1,
          1,
          1,
          null,
          null,
          null,
          1,
          1,
          1,
          1,
          1,
          1,
          2,
          null,
          null,
          null
        ]
      },
      "/Users/robbiekirkbride/Desktop/Projects/tech-tests/bank/lib/account.rb": {
        "lines": [
          1,
          1,
          17,
          null,
          null,
          1,
          38,
          38,
          null,
          null,
          1,
          4,
          null,
          null,
          1,
          6,
          16,
          null,
          null,
          1,
          157,
          null,
          null
        ]
      },
      "/Users/robbiekirkbride/Desktop/Projects/tech-tests/bank/spec/integration_spec.rb": {
        "lines": [
          1,
          1,
          1,
          null,
          1,
          1,
          1,
          1,
          1,
          1,
          1,
          null,
          null,
          null,
          1,
          1,
          1,
          1,
          1,
          1,
          1,
          1,
          null,
          null,
          1,
          1,
          1,
          1,
          1,
          1,
          1,
          1,
          1,
          1,
          null,
          null,
          null,
          1,
          1,
          1,
          1,
          1,
          1,
          1,
          1,
          1,
          1,
          1,
          1,
          1,
          1,
          null,
          null,
          1,
          1,
          1,
          1,
          1,
          1,
          1,
          1,
          1,
          1,
          1,
          1,
          1,
          1,
          1,
          1,
          1,
          1,
          1,
          1,
          1,
          1,
          null,
          null,
          1,
          1,
          1,
          1,
          1,
          1,
          1,
          1,
          1,
          1,
          1,
          1,
          1,
          null,
          null,
          null,
          1,
          1,
          1,
          1,
          1,
          1,
          1,
          1,
          2,
          null,
          null,
          1,
          1,
          1,
          1,
          1,
          1,
          1,
          1,
          null,
          1,
          null,
          null,
          1,
          1,
          1,
          1,
          1,
          1,
          1,
          1,
          1,
          1,
          null,
          1,
          null,
          null,
          1,
          1,
          1,
          1,
          1,
          1,
          1,
          1,
          1,
          1,
          1,
          1,
          1,
          null,
          1,
          null,
          null,
          null
        ]
      },
      "/Users/robbiekirkbride/Desktop/Projects/tech-tests/bank/lib/transaction.rb": {
        "lines": [
          1,
          null,
          1,
          1,
          null,
          1,
          26,
          26,
          null,
          null,
          1,
          8,
          null,
          null,
          1,
          6,
          null,
          null,
          1,
          6,
          null,
          null
        ]
      },
      "/Users/robbiekirkbride/Desktop/Projects/tech-tests/bank/lib/statement.rb": {
        "lines": [
          1,
          1,
          8,
          8,
          8,
          null,
          null,
          1,
          8,
          17,
          17,
          17,
          null,
          null,
          null,
          1,
          8,
          8,
          null,
          null
        ]
      },
      "/Users/robbiekirkbride/Desktop/Projects/tech-tests/bank/spec/statement_spec.rb": {
        "lines": [
          1,
          null,
          1,
          null,
          1,
          1,
          1,
          1,
          1,
          1,
          1,
          null,
          null,
          1,
          1,
          1,
          1,
          1,
          1,
          1,
          1,
          null,
          null,
          null,
          1,
          1,
          1,
          1,
          1,
          1,
          1,
          1,
          1,
          null,
          null,
          1,
          1,
          1,
          1,
          1,
          1,
          1,
          1,
          1,
          1,
          null,
          null,
          1,
          1,
          1,
          1,
          1,
          1,
          1,
          1,
          1,
          1,
          null,
          null,
          null
        ]
      },
      "/Users/robbiekirkbride/Desktop/Projects/tech-tests/bank/spec/transaction_spec.rb": {
        "lines": [
          1,
          null,
          1,
          1,
          1,
          1,
          1,
          1,
          null,
          null,
          1,
          1,
          1,
          1,
          1,
          1,
          null,
          null,
          1,
          1,
          1,
          1,
          1,
          1,
          null,
          null,
          null
        ]
      }
    },
    "timestamp": 1674639425
  }
}
