{
  "RSpec": {
    "coverage": {
      "/Users/robbiekirkbride/Desktop/Projects/tech-tests/bank/spec/bank_spec.rb": {
        "lines": [
          1,
          null,
          1,
          1,
          1,
          1,
          1,
          1,
          null,
          null,
          1,
          1,
          1,
          1,
          1,
          null,
          null,
          1,
          1,
          1,
          1,
          1,
          1,
          1,
          null,
          null,
          1,
          1,
          1,
          1,
          1,
          1,
          1,
          1,
          1,
          null,
          null,
          1,
          1,
          1,
          1,
          1,
          1,
          1,
          1,
          1,
          1,
          1,
          null,
          null,
          1,
          1,
          1,
          1,
          1,
          1,
          1,
          1,
          1,
          null,
          null,
          1,
          1,
          1,
          1,
          1,
          null,
          null,
          1,
          1,
          1,
          1,
          1,
          1,
          1,
          null,
          null,
          1,
          1,
          1,
          1,
          1,
          1,
          1,
          null,
          null,
          1,
          1,
          1,
          1,
          1,
          1,
          1,
          1,
          1,
          null,
          null,
          1,
          1,
          1,
          1,
          1,
          1,
          1,
          1,
          1,
          1,
          1,
          null,
          null
        ]
      },
      "/Users/robbiekirkbride/Desktop/Projects/tech-tests/bank/lib/bank.rb": {
        "lines": [
          1,
          1,
          23,
          23,
          null,
          null,
          1,
          7,
          null,
          null,
          1,
          36,
          36,
          36,
          null,
          null,
          1,
          36,
          26,
          null,
          10,
          null,
          null,
          null,
          1,
          6,
          6,
          null,
          null,
          null
        ]
      },
      "/Users/robbiekirkbride/Desktop/Projects/tech-tests/bank/spec/integration_spec.rb": {
        "lines": [
          1,
          1,
          null,
          1,
          1,
          1,
          1,
          null,
          null,
          1,
          1,
          1,
          1,
          0,
          null,
          null,
          1,
          1,
          1,
          1,
          1,
          0,
          0,
          null,
          null,
          1,
          1,
          1,
          1,
          1,
          1,
          0,
          0,
          0,
          null,
          null,
          1,
          1,
          1,
          1,
          1,
          1,
          1,
          1,
          1,
          0,
          0,
          0,
          0,
          0,
          0,
          null,
          null,
          1,
          1,
          1,
          1,
          1,
          1,
          0,
          0,
          0,
          null,
          null,
          1,
          1,
          1,
          1,
          0,
          null,
          null,
          1,
          1,
          1,
          1,
          1,
          0,
          0,
          null,
          null,
          1,
          1,
          1,
          1,
          1,
          0,
          0,
          null,
          null,
          1,
          1,
          1,
          1,
          1,
          1,
          0,
          0,
          0,
          null,
          null,
          1,
          1,
          1,
          1,
          1,
          1,
          0,
          0,
          0,
          null,
          null,
          1,
          1,
          1,
          1,
          1,
          0,
          null,
          null
        ]
      },
      "/Users/robbiekirkbride/Desktop/Projects/tech-tests/bank/lib/transaction.rb": {
        "lines": [
          1,
          1,
          31,
          31,
          null,
          null,
          1,
          24,
          null,
          null,
          1,
          13,
          2,
          null,
          null
        ]
      },
      "/Users/robbiekirkbride/Desktop/Projects/tech-tests/bank/spec/transaction_spec.rb": {
        "lines": [
          1,
          null,
          1,
          1,
          1,
          1,
          1,
          1,
          null,
          null,
          1,
          1,
          1,
          1,
          1,
          1,
          null,
          null,
          1,
          1,
          1,
          1,
          1,
          1,
          null,
          null,
          null
        ]
      }
    },
    "timestamp": 1674492262
  }
}
